<?xml version="1.0" encoding="UTF-8"?>
<con:soapui-project id="99cfc51d-714d-4a18-b997-edd04130953b" activeEnvironment="Default" name="TEST ENV PROJECT" resourceRoot="" soapui-version="5.8.0" abortOnError="false" runType="SEQUENTIAL" xmlns:con="http://eviware.com/soapui/config"><con:settings/><con:interface xsi:type="con:RestService" id="e827c58f-127e-4431-bcf2-dee878c7052d" wadlVersion="http://wadl.dev.java.net/2009/02" name="https://jsonplaceholder.typicode.com" type="rest" xmlns:xsi="http://www.w3.org/2001/XMLSchema-instance"><con:settings/><con:definitionCache type="TEXT" rootPart=""/><con:endpoints><con:endpoint>https://jsonplaceholder.typicode.com</con:endpoint></con:endpoints><con:resource name="Posts" path="/posts" id="d147fbdb-05d3-4cf4-8857-c089494c47b3"><con:settings/><con:parameters><con:parameter><con:name>id</con:name><con:value/><con:style>QUERY</con:style><con:default/><con:description xsi:nil="true"/></con:parameter></con:parameters><con:resource name="{id}" path="{id}" id="d8f16ac7-658a-422f-90ac-177a17d80cb3"><con:settings/><con:parameters><con:parameter><con:name>id</con:name><con:value>id</con:value><con:style>TEMPLATE</con:style><con:default>id</con:default></con:parameter></con:parameters><con:method name="Method 1" id="31433c23-58fc-4b16-80ee-f2a27d833c86" method="GET"><con:settings/><con:parameters/><con:representation type="RESPONSE"><con:mediaType>application/json; charset=utf-8</con:mediaType><con:status>200</con:status><con:params/><con:element xmlns:ns="https://jsonplaceholder.typicode.com/posts/1">ns:Response</con:element></con:representation><con:request name="Request 1" id="f094b5c4-55db-437f-8a6c-470177c9431e" mediaType="application/json"><con:settings><con:setting id="com.eviware.soapui.impl.wsdl.WsdlRequest@request-headers">&lt;xml-fragment/></con:setting></con:settings><con:endpoint>https://jsonplaceholder.typicode.com</con:endpoint><con:request/><con:originalUri>https://jsonplaceholder.typicode.com/posts/1</con:originalUri><con:credentials><con:authType>No Authorization</con:authType></con:credentials><con:jmsConfig JMSDeliveryMode="PERSISTENT"/><con:jmsPropertyConfig/><con:parameters><entry key="id" value="1" xmlns="http://eviware.com/soapui/config"/></con:parameters><con:parameterOrder><con:entry>id</con:entry></con:parameterOrder></con:request></con:method></con:resource><con:resource name="Post by Id" path="{id}" id="df30cdd2-9b88-4abb-b8ee-df012c437fd7"><con:settings/><con:parameters><con:parameter><con:name>id</con:name><con:value>id</con:value><con:style>TEMPLATE</con:style><con:default>id</con:default></con:parameter></con:parameters><con:method name="Method 1" id="32394edc-4e81-4a61-a2ad-037a9a6fc1f0" method="PUT"><con:settings/><con:parameters/><con:representation type="REQUEST"><con:mediaType>application/json</con:mediaType><con:params/></con:representation><con:representation type="RESPONSE"><con:mediaType>application/json; charset=utf-8</con:mediaType><con:status>200</con:status><con:params/><con:element xmlns:ns="https://jsonplaceholder.typicode.com/posts/1">ns:Response</con:element></con:representation><con:request name="Request 1" id="9c619300-1685-4708-88a4-7db8641630f2" mediaType="application/json" postQueryString="false"><con:settings><con:setting id="com.eviware.soapui.impl.wsdl.WsdlRequest@request-headers">&lt;xml-fragment/></con:setting></con:settings><con:endpoint>https://jsonplaceholder.typicode.com</con:endpoint><con:request>{
  "id": 1,
  "title": "Updated from SoapUI",
  "body": "New body text",
  "userId": 1
}
</con:request><con:originalUri>https://jsonplaceholder.typicode.com/posts/1</con:originalUri><con:credentials><con:authType>No Authorization</con:authType></con:credentials><con:jmsConfig JMSDeliveryMode="PERSISTENT"/><con:jmsPropertyConfig/><con:parameters><entry key="id" value="1" xmlns="http://eviware.com/soapui/config"/></con:parameters></con:request></con:method></con:resource><con:method name="Get List" id="8ef129f4-9990-46a9-88fd-11a57462d936" method="GET"><con:settings/><con:parameters/><con:representation type="RESPONSE"><con:mediaType>application/json; charset=utf-8</con:mediaType><con:status>200</con:status><con:params/><con:element>Response</con:element></con:representation><con:representation type="RESPONSE"><con:mediaType xsi:nil="true"/><con:status>0</con:status><con:params/><con:element>data</con:element></con:representation><con:representation type="RESPONSE"><con:mediaType xsi:nil="true"/><con:status>0</con:status><con:params/><con:element>data</con:element></con:representation><con:representation type="RESPONSE"><con:mediaType xsi:nil="true"/><con:status>0</con:status><con:params/><con:element>data</con:element></con:representation><con:representation type="RESPONSE"><con:mediaType xsi:nil="true"/><con:status>0</con:status><con:params/><con:element>data</con:element></con:representation><con:representation type="RESPONSE"><con:mediaType xsi:nil="true"/><con:status>0</con:status><con:params/><con:element>data</con:element></con:representation><con:representation type="RESPONSE"><con:mediaType xsi:nil="true"/><con:status>0</con:status><con:params/><con:element>data</con:element></con:representation><con:representation type="RESPONSE"><con:mediaType xsi:nil="true"/><con:status>0</con:status><con:params/><con:element>data</con:element></con:representation><con:representation type="RESPONSE"><con:mediaType xsi:nil="true"/><con:status>0</con:status><con:params/><con:element>data</con:element></con:representation><con:representation type="RESPONSE"><con:mediaType xsi:nil="true"/><con:status>0</con:status><con:params/><con:element>data</con:element></con:representation><con:representation type="RESPONSE"><con:mediaType xsi:nil="true"/><con:status>0</con:status><con:params/><con:element>data</con:element></con:representation><con:representation type="RESPONSE"><con:mediaType xsi:nil="true"/><con:status>0</con:status><con:params/><con:element>data</con:element></con:representation><con:representation type="RESPONSE"><con:mediaType xsi:nil="true"/><con:status>0</con:status><con:params/><con:element>data</con:element></con:representation><con:representation type="RESPONSE"><con:mediaType xsi:nil="true"/><con:status>0</con:status><con:params/><con:element>data</con:element></con:representation><con:representation type="RESPONSE"><con:mediaType xsi:nil="true"/><con:status>0</con:status><con:params/><con:element>data</con:element></con:representation><con:request name="Get Single" id="1248e5e2-27f0-4d38-a745-1d27a1195673" mediaType="application/json"><con:settings><con:setting id="com.eviware.soapui.impl.wsdl.WsdlRequest@request-headers">&lt;xml-fragment/></con:setting></con:settings><con:endpoint>https://jsonplaceholder.typicode.com</con:endpoint><con:request/><con:originalUri>https://jsonplaceholder.typicode.com/posts</con:originalUri><con:credentials><con:authType>No Authorization</con:authType></con:credentials><con:jmsConfig JMSDeliveryMode="PERSISTENT"/><con:jmsPropertyConfig/><con:parameters><entry key="id" value="1" xmlns="http://eviware.com/soapui/config"/></con:parameters><con:parameterOrder><con:entry>id</con:entry></con:parameterOrder></con:request><con:request name="Get All" id="5b46fb5a-7379-42ad-bfd6-444764cd6569" mediaType="application/json"><con:settings><con:setting id="com.eviware.soapui.impl.wsdl.WsdlRequest@request-headers">&lt;xml-fragment/></con:setting></con:settings><con:endpoint>https://jsonplaceholder.typicode.com</con:endpoint><con:request/><con:originalUri>https://jsonplaceholder.typicode.com/posts</con:originalUri><con:credentials><con:authType>No Authorization</con:authType></con:credentials><con:jmsConfig JMSDeliveryMode="PERSISTENT"/><con:jmsPropertyConfig/><con:parameters><entry key="id" value="" xmlns="http://eviware.com/soapui/config"/></con:parameters><con:parameterOrder><con:entry>id</con:entry></con:parameterOrder></con:request></con:method><con:method name="POST create" id="38ace056-c367-4a01-883a-fc617143450b" method="POST"><con:settings/><con:parameters/><con:representation type="REQUEST"><con:mediaType>application/json</con:mediaType><con:params/></con:representation><con:representation type="RESPONSE"><con:mediaType>application/json; charset=utf-8</con:mediaType><con:status>201</con:status><con:params/><con:element xmlns:pos="https://jsonplaceholder.typicode.com/posts">pos:Response</con:element></con:representation><con:representation type="RESPONSE"><con:mediaType xsi:nil="true"/><con:status>0</con:status><con:params/><con:element>data</con:element></con:representation><con:representation type="FAULT"><con:mediaType>text/html; charset=utf-8</con:mediaType><con:status>500</con:status><con:params/><con:element>html</con:element></con:representation><con:request name="Request 1" id="2c88d090-2aee-47a8-9b92-d851e857842e" mediaType="application/json" postQueryString="false"><con:settings><con:setting id="com.eviware.soapui.impl.wsdl.WsdlRequest@request-headers">&lt;xml-fragment/></con:setting></con:settings><con:endpoint>https://jsonplaceholder.typicode.com</con:endpoint><con:request>{"title":"Created from SoapUI","body":"Hello","userId":100}
</con:request><con:originalUri>https://jsonplaceholder.typicode.com/posts</con:originalUri><con:credentials><con:authType>No Authorization</con:authType></con:credentials><con:jmsConfig JMSDeliveryMode="PERSISTENT"/><con:jmsPropertyConfig/><con:parameters><entry key="id" value="" xmlns="http://eviware.com/soapui/config"/></con:parameters><con:parameterOrder><con:entry>id</con:entry></con:parameterOrder></con:request><con:request name="Create post" id="a3756150-f2bc-4f42-af47-d726d105cad0" mediaType="application/json" postQueryString="false"><con:settings><con:setting id="com.eviware.soapui.impl.wsdl.WsdlRequest@request-headers">&lt;xml-fragment/></con:setting></con:settings><con:endpoint>https://jsonplaceholder.typicode.com</con:endpoint><con:request>{"title":"Created from SoapUI","body":"jhho","userId":1}
</con:request><con:originalUri>https://jsonplaceholder.typicode.com/posts</con:originalUri><con:credentials><con:authType>No Authorization</con:authType></con:credentials><con:jmsConfig JMSDeliveryMode="PERSISTENT"/><con:jmsPropertyConfig/><con:parameters><entry key="id" value="" xmlns="http://eviware.com/soapui/config"/></con:parameters><con:parameterOrder><con:entry>id</con:entry></con:parameterOrder></con:request></con:method><con:method name="PUT" id="a172d48e-a795-4c3f-be72-ce81bfb28daa" method="PUT"><con:settings/><con:parameters/><con:representation type="FAULT"><con:mediaType>text/html; charset=utf-8</con:mediaType><con:status>500</con:status><con:params/><con:element>html</con:element></con:representation><con:representation type="REQUEST"><con:mediaType>application/json</con:mediaType><con:params/></con:representation><con:representation type="FAULT"><con:mediaType>application/json; charset=utf-8</con:mediaType><con:status>404</con:status><con:params/><con:element>Fault</con:element></con:representation><con:request name="Request 1" id="082108e5-37d9-4a82-9785-b66ef7b5c47a" mediaType="application/json" postQueryString="false"><con:settings><con:setting id="com.eviware.soapui.impl.wsdl.WsdlRequest@request-headers">&lt;xml-fragment/></con:setting></con:settings><con:endpoint>https://jsonplaceholder.typicode.com</con:endpoint><con:request>{
  "id": 1,
  "title": "Updated from SoapUI",
  "body": "New body text",
  "userId": 1
}
</con:request><con:originalUri>https://jsonplaceholder.typicode.com/posts</con:originalUri><con:credentials><con:authType>No Authorization</con:authType></con:credentials><con:jmsConfig JMSDeliveryMode="PERSISTENT"/><con:jmsPropertyConfig/><con:parameters><entry key="id" value="1" xmlns="http://eviware.com/soapui/config"/></con:parameters><con:parameterOrder><con:entry>id</con:entry></con:parameterOrder></con:request></con:method><con:method name="Delete" id="31282175-59b6-428f-8dde-5f5d64732bdb" method="DELETE"><con:settings/><con:parameters/><con:representation type="REQUEST"><con:mediaType>application/json</con:mediaType><con:params/></con:representation><con:representation type="FAULT"><con:mediaType>text/html; charset=utf-8</con:mediaType><con:status>500</con:status><con:params/><con:element>html</con:element></con:representation><con:request name="Request 1" id="a35f6086-89e4-459d-8ffd-ffdc0a430f2c" mediaType="application/json" postQueryString="false"><con:settings><con:setting id="com.eviware.soapui.impl.wsdl.WsdlRequest@request-headers">&lt;xml-fragment/></con:setting></con:settings><con:endpoint>https://jsonplaceholder.typicode.com</con:endpoint><con:request>fetch('https://jsonplaceholder.typicode.com/posts/1', {
  method: 'DELETE'
})
.then(response => {
  if (response.ok) {
    console.log('Resource deleted successfully');
  } else {
    console.log('Error deleting resource');
  }
})</con:request><con:originalUri>https://jsonplaceholder.typicode.com/posts</con:originalUri><con:credentials><con:authType>No Authorization</con:authType></con:credentials><con:jmsConfig JMSDeliveryMode="PERSISTENT"/><con:jmsPropertyConfig/><con:parameters/></con:request></con:method></con:resource><con:resource name="posts two" path="/comments" id="cfd0bf7d-6401-42dd-adb1-3a6b0bccdb4c"><con:settings/><con:parameters><con:parameter><con:name>id</con:name><con:value/><con:style>QUERY</con:style><con:default/><con:description xsi:nil="true"/></con:parameter></con:parameters><con:method name="Method 1" id="c345e798-c628-49c1-abb9-8417dfed07c7" method="GET"><con:settings/><con:parameters/><con:representation type="RESPONSE"><con:mediaType>application/json; charset=utf-8</con:mediaType><con:status>200</con:status><con:params/><con:element>Response</con:element></con:representation><con:request name="Request 1" id="60de4023-da70-4955-a357-3d8051f01229" mediaType="application/json"><con:settings><con:setting id="com.eviware.soapui.impl.wsdl.WsdlRequest@request-headers">&lt;xml-fragment/></con:setting></con:settings><con:endpoint>https://jsonplaceholder.typicode.com</con:endpoint><con:request/><con:originalUri>https://jsonplaceholder.typicode.com/posts</con:originalUri><con:credentials><con:authType>No Authorization</con:authType></con:credentials><con:jmsConfig JMSDeliveryMode="PERSISTENT"/><con:jmsPropertyConfig/><con:parameters/><con:parameterOrder><con:entry>id</con:entry></con:parameterOrder></con:request></con:method></con:resource></con:interface><con:testSuite id="54892699-7f56-4a86-8069-ccf8b325c9a1" name="TestSuite 1"><con:settings/><con:runType>SEQUENTIAL</con:runType><con:testCase id="fa1bf29d-8689-4f4c-9b9b-efd85f24f1d2" failOnError="true" failTestCaseOnErrors="true" keepSession="false" maxResults="0" name="TestCase 1" searchProperties="true"><con:settings/><con:testStep type="groovy" name="Groovy Script" id="e68ad31f-dc61-445a-ac85-175bcc004a37"><con:settings/><con:config><script>log.info "TEST ENV GROOVY"</script></con:config></con:testStep><con:properties/></con:testCase><con:properties><con:property><con:name>name</con:name><con:value>asfad asdfsaf</con:value></con:property><con:property><con:name>id</con:name><con:value>0.33</con:value></con:property><con:property><con:name>flow</con:name><con:value>FLOW_REQUEST_DENY</con:value></con:property><con:property><con:name>Result</con:name><con:value>DID NOT RUN</con:value></con:property><con:property><con:name>Radius</con:name><con:value>0.1</con:value></con:property><con:property><con:name>Max Alt</con:name><con:value>13</con:value></con:property><con:property><con:name>Facility</con:name><con:value>SDF</con:value></con:property></con:properties></con:testSuite><con:testSuite id="3472a371-8ce0-4651-8b58-af2e570c0b5f" name="USS APIs"><con:settings/><con:runType>SEQUENTIAL</con:runType><con:testCase id="b98e9c77-82e2-4349-b9d3-99460610528f" failOnError="true" failTestCaseOnErrors="true" keepSession="false" maxResults="0" name="Get Token" searchProperties="true"><con:settings/><con:testStep type="groovy" name="Groovy Script" id="fe4cfbd4-1bd8-49d7-a46b-47c05e3f71a4"><con:settings/><con:config><script>log.info "!!!!!!!!!!!!!!!!!!!!!!!!groovy TEST GET TOKEN"</script></con:config></con:testStep><con:properties><con:property><con:name>name</con:name><con:value>mike</con:value></con:property><con:property><con:name>id</con:name><con:value>444</con:value></con:property><con:property><con:name>flow</con:name><con:value>FLOW_REQUEST_TEST</con:value></con:property><con:property><con:name>Result</con:name><con:value>PASS</con:value></con:property><con:property><con:name>Radius</con:name><con:value>11</con:value></con:property><con:property><con:name>Max Alt</con:name><con:value>5</con:value></con:property><con:property><con:name>Facility</con:name><con:value>faf</con:value></con:property><con:property><con:name>Workflow</con:name><con:value>1. Request AA - PASSED
2. Part 107 - Create Auto Authorization - PASSED</con:value></con:property><con:property><con:name>JSON Response</con:name><con:value>Request AA:


Part 107 - Create Auto Authorization:
</con:value></con:property></con:properties></con:testCase><con:testCase id="3076c173-c71f-470c-ac2a-1a0a1f44f52a" failOnError="true" failTestCaseOnErrors="true" keepSession="false" maxResults="0" name="Request AA" searchProperties="true"><con:settings/><con:testStep type="groovy" name="OperationID" id="62fb262e-98c2-4185-9469-ced60d8f0442"><con:settings/><con:config><script/></con:config></con:testStep><con:testStep type="groovy" name="Groovy Script" id="18204b3c-e8e2-43ed-b115-7cf0d4f11be1"><con:settings/><con:config><script>log.info "!!!!!!!!!!!!!!!!!!!!!!!!groovy TEST REQUEST AA"</script></con:config></con:testStep><con:properties><con:property><con:name>name</con:name><con:value>asdf asdfsafs</con:value></con:property><con:property><con:name>id</con:name><con:value>1</con:value></con:property><con:property><con:name>flow</con:name><con:value>FLOW_REQUEST_TEST</con:value></con:property><con:property><con:name>Result</con:name><con:value>PASS</con:value></con:property><con:property><con:name>Radius</con:name><con:value>9</con:value></con:property><con:property><con:name>Max Alt</con:name><con:value>5</con:value></con:property><con:property><con:name>Facility</con:name><con:value>GAD</con:value></con:property><con:property><con:name>Workflow</con:name><con:value>1. Request AA - PASSED
2. Part 107 - Create Auto Authorization - PASSED</con:value></con:property><con:property><con:name>JSON Response</con:name><con:value>Request AA:


Part 107 - Create Auto Authorization:
</con:value></con:property><con:property><con:name>__SKIP_TOKEN__</con:name><con:value>true</con:value></con:property></con:properties></con:testCase><con:testCase id="ee2bbaa7-eeaf-4010-89af-b8330c72479a" failOnError="true" failTestCaseOnErrors="true" keepSession="false" maxResults="0" name="Part 107 - Create Auto Authorization" searchProperties="true"><con:settings/><con:testStep type="groovy" name="operationId" id="01883eeb-dc9d-41c2-b93d-012964b32b0a"><con:settings/><con:config><script>import java.lang.String


//operationId
def operationId = "";
//Generate 'unique' enough id
def chars = "0123456789ABCDEFGHIJKLMNOPQRSTUVWXYZ";
Random random = new Random()

//*** Generate the operation Id for the create operation API ***//
9.times({operationId += chars[random.nextInt(Math.abs(chars.length() - 1))]})
println(operationId)
testRunner.testCase.testSuite.setPropertyValue("operationId", operationId)
testRunner.testCase.setPropertyValue("operationId", operationId)

log.info(operationId)</script></con:config></con:testStep><con:testStep type="groovy" name="startDateTime" id="a738ed98-fe48-470e-8f7b-312174f5f2bc"><con:settings/><con:config><script>import java.lang.String
import java.lang.Boolean
import java.time.LocalDate
import java.time.format.*
import java.time.Instant.*
import java.time.*
import java.time.temporal.*
import java.time.format.DateTimeFormatter

boolean closeOp = false
def operationStartDateTime = ''

if (closeOp == true) {
	//Create operation Start Time
	Instant instant = Instant.now().truncatedTo(ChronoUnit.SECONDS);
	Instant startDateTime = instant.plusSeconds(60);
	operationStartDateTime = startDateTime.toString()
	log.info(operationStartDateTime)
} else {
	//Create operation Start Time
	operationStartDateTime = new Date() + 3;
	def operationStartDate = operationStartDateTime.format('yyyy-MM-dd');
	def operationStartTime = operationStartDateTime.format('hh:mm:ss');
	operationStartDateTime = (operationStartDate + "T" + operationStartTime + "Z")
	log.info(operationStartDateTime)
}

testRunner.testCase.setPropertyValue("operationStartDateTime", operationStartDateTime)</script></con:config></con:testStep><con:testStep type="restrequest" name="Create Part 107 AA" id="2fb22184-4ed1-4f8d-9733-818fd3e59679" disabled="true"><con:settings/><con:config service="https://jsonplaceholder.typicode.com" resourcePath="/posts/{id}" methodName="Method 1" xsi:type="con:RestRequestStep" xmlns:xsi="http://www.w3.org/2001/XMLSchema-instance"><con:restRequest name="Create Part 107 AA" id="7b20f7a3-46a1-487f-bd3a-5a9ffa8cf551" mediaType="application/json" postQueryString="false"><con:settings><con:setting id="com.eviware.soapui.impl.wsdl.WsdlRequest@request-headers">&lt;xml-fragment/></con:setting></con:settings><con:endpoint>${#Project#url}</con:endpoint><con:request>{
  "type": "FeatureCollection",
  "features": [
    {
      "type": "Feature",
      "geometry": {
        "type": "Point",
        "coordinates": [ ${#TestCase#lon}, ${#TestCase#lat} ]
      },
      "properties": {
        "airspaceClassCodes": [ "${#TestCase#airspaceClassCodes}" ],
        "facility": "${#TestCase#facility}",
        "operationID": "${#TestSuite#operationId}",
        "operationDuration": "30",
        "operationMaxAltitude": ${#TestCase#alt},
        "operationRadius": ${#TestCase#radius},
        "operationStartDateTime": "${#TestCase#operationStartDateTime}",
        "pocFirstName": "${#TestCase#name}",
        "pocLastName": "last-name",
        "pocPhoneNumber": "1234567890",
        "registrationNumbers": null,
        "workReadyBypass": true,
        "testSupport": true,
        "ignoreFacilityMaps": true,
        "facilityMaps": [
          { "globalId": "00112233-4455-6677-8899-aabbccddeeff", "lastEditDate": "2017-04-27" },
          { "globalId": "123e4567-e89b-12d3-a456-426655440000", "lastEditDate": "2017-04-27" }
        ]
      }
    }
  ]
}</con:request><con:originalUri>https://work-uss.csra-dronezone.com/work/api/ext/v6/107/autoauthorization</con:originalUri><con:assertion type="Valid HTTP Status Codes" id="9c44e630-f8fb-4f52-8ea3-a44207d36e23" name="Valid HTTP Status Codes"><con:configuration><codes>201</codes></con:configuration></con:assertion><con:assertion type="Response SLA Assertion" id="160229de-d36e-4a1a-86d0-94d84606911b" name="Response SLA"><con:configuration><SLA>5000</SLA></con:configuration></con:assertion><con:assertion type="JsonPath Existence Match" id="cfae51e9-8008-4de6-b16a-cf82b10fcd1a" name="referenceNumber"><con:configuration><path>$.referenceNumber</path><content>true</content><allowWildcards>false</allowWildcards><ignoreNamspaceDifferences>false</ignoreNamspaceDifferences><ignoreComments>false</ignoreComments></con:configuration></con:assertion><con:assertion type="JsonPath Existence Match" id="62a654f6-fbe1-4c65-8be3-5df797eed5ef" name="statusDateTime"><con:configuration><path>$.statusDateTime</path><content>true</content><allowWildcards>false</allowWildcards><ignoreNamspaceDifferences>false</ignoreNamspaceDifferences><ignoreComments>false</ignoreComments></con:configuration></con:assertion><con:credentials><con:authType>No Authorization</con:authType></con:credentials><con:jmsConfig JMSDeliveryMode="PERSISTENT"/><con:jmsPropertyConfig/><con:parameters><entry key="Authorization" value="Bearer ${#Project#accessToken}" xmlns="http://eviware.com/soapui/config"/></con:parameters><con:parameterOrder><con:entry>Authorization</con:entry></con:parameterOrder></con:restRequest></con:config></con:testStep><con:testStep type="groovy" name="Bind Row -> TC Props" id="b52bc28a-d553-469c-9ddc-e1c958e110d8" disabled="true"><con:settings/><con:config><script>import groovy.json.JsonSlurper
def raw = context.expand('${#Project#ROW_JSON}')
assert raw, 'ROW_JSON is empty; did the driver set it?'

def row = new JsonSlurper().parseText(raw)

// choose which keys you want to use in this test case
def keys = [
  'operationId', 'operationStartDateTime',
  'id', 'name', 'alt', 'radius',
  'facility', 'airspaceClassCodes'
]

// copy onto both the TestCase and the TestSuite (so you can use either ${#TestCase#...} or ${#TestSuite#...})
keys.each { k ->
  def v = (row[k] ?: '').toString()
  testRunner.testCase.setPropertyValue(k, v)
  testRunner.testCase.testSuite.setPropertyValue(k, v)
  // optional: also at project level
  // testRunner.testCase.testSuite.project.setPropertyValue(k, v)
}

log.info "Bound row to Part 107 properties: ${keys.collect{ k -> "$k=${row[k]}" }.join(', ')}"
</script></con:config></con:testStep><con:testStep type="groovy" name="debug" id="9b08c563-18ce-458f-abe1-5af334bdba27" disabled="true"><con:settings/><con:config><script>// ------------------- DEBUG SCRIPT -------------------

/**
 * Goal:
 * - Print out the values of some TestCase/TestSuite properties
 * - Preview what the REST request body will look like *after* property expansion
 */

// 1) Define a list of property names we expect at the TestCase level.
//    These usually come from your Excel driver (id, name, lat, etc.).
def keys = ['id','name','lat','lon','alt','radius','facility','airspaceClassCodes','operationStartDateTime']

// 2) Loop over each property name in 'keys' and log its current value
//    Example output: "TC.id = 123", "TC.alt = 50"
keys.each { k -> 
    log.info "TC.${k} = " + context.testCase.getPropertyValue(k)
}

// 3) Separately log a property that lives at the TestSuite level (not TestCase).
//    Here we expect the TestSuite to have "operationId" set.
log.info "TS.operationId = " + context.testCase.testSuite.getPropertyValue('operationId')

// 4) Grab the REST request step by name from this TestCase.
//    - If the step does not exist or is disabled, restStep may be null.
def restStep = context.testCase.getTestStepByName('Create Part 107 AA')

// 5) Get the raw request body string from that step (its "Request" property).
//    - If it's null, default to an empty string ('') so we don't get a NullPointerException.
def expanded = context.expand(restStep.getPropertyValue('Request') ?: '')

// 6) Expand any property placeholders inside the request body.
//    Example: ${#TestCase#alt} → replaced with the actual alt property value.
//    This is the same expansion SoapUI does before sending a request.
log.info '\nExpanded JSON body:\n' + expanded

// ------------------- END DEBUG SCRIPT -------------------

</script></con:config></con:testStep><con:testStep type="groovy" name="Copy of Groovy Script" id="77a1aee6-5ebe-4ccc-8d32-77c3c2e8534b"><con:settings/><con:config><script>log.info "!!!!!!!!!!!!!!!!!!!!!!!!groovy TEST 107"</script></con:config></con:testStep><con:properties><con:property><con:name>operationId</con:name><con:value xmlns:xsi="http://www.w3.org/2001/XMLSchema-instance">0P6GQIH9U</con:value></con:property><con:property><con:name>operationStartDateTime</con:name><con:value>2025-10-06T11:38:11Z</con:value></con:property><con:property><con:name>accessToken</con:name><con:value>Bearer eyJraWQiOiI3c3FNZVFUM2FENE55LTZyUVBWRE92d0x2cWNRM29RUXYtNjFyVjdZOTd3IiwiYWxnIjoiUlMyNTYifQ.eyJ2ZXIiOjEsImp0aSI6IkFULm1Oc08yZDAzZUhzYWlGZzlhTVZtSE5ua1RTTVJrR0hJbzJMYVFzd0lLeFUub2FydWd0dTFld2ZaU250S2wxZDYiLCJpc3MiOiJodHRwczovL2ZhYS11YXNjYXMtczEub2t0YXByZXZpZXcuY29tL29hdXRoMi9hdXMycGEzbjNuZWdtZFVFWTFkNyIsImF1ZCI6ImxhYW5jLmRldi52Ni5mYWEudXNzX2FwaUBjYXMuZmFhLmdvdiIsImlhdCI6MTY5MTA4NDEyNywiZXhwIjoxNjkxMDg3NzI3LCJjaWQiOiIwb2EycGExanNlU05zcHlsdjFkNyIsInVpZCI6IjAwdTJwam5zamZ0ZTRQMFF4MWQ3Iiwic2NwIjpbIm9mZmxpbmVfYWNjZXNzIiwibGFhbmMuaW5zdHJ1bWVudGF0aW9uIiwibGFhbmMucmV0cmlldmUuc3RhdHVzIiwibGFhbmMudXBkYXRlLmF1dGgtc3RhdHVzIiwibGFhbmMucmVxdWVzdC5hdXRvLWF1dGgtMTA3IiwibGFhbmMucmVxdWVzdC5hdXRvLWF1dGgtNDQ4MDkiLCJsYWFuYy5yZXF1ZXN0LmZ1cnRoZXItY29vcmQtYXV0aC0xMDciLCJsYWFuYy50ZXN0Lm9uYm9hcmRpbmciXSwiYXV0aF90aW1lIjoxNjkxMDg0MTI3LCJzdWIiOiJoZ29vZGhhcnQuZmFhQGdtYWlsLmNvbSIsImF1ZHgiOiJmYWFfbGFhbmNfZGV2X3Y2X2FwaUBjYXMuZmFhLmdvdiJ9.YVsL7dkkS215P93ECW_lWAYrygRiUbwqZjLa-0e9Vp5ulOPES0y39FTO2DvpzxZUCqSz_NfW2SuQIJWMp4nj4TBEjT7lxxdshTh4AWxVNKBnvsCay_6tnddF1WFUdvsEoh0dbDkup2SsAEb4ITCuunxYJt_3r4lygAiF1PiIIijtt_oNuxCbHKSSuc5RDdX7GlixCdrauIb04P1aD6xbPJCPXvXa5wvl6q-9mCHS0ICkY1IzkUnOV3hN3Ho67Je6RapkZBMLtsOS-wvfo1Kyjhk96rXSsLUy3L6ZpXDGrcqr0OmbclFDmpwPtBZQkVY0YvqYfHM8TnCp_Qbx6kKQRg</con:value></con:property><con:property><con:name>name</con:name><con:value>asdf asdfsafs</con:value></con:property><con:property><con:name>id</con:name><con:value>1</con:value></con:property><con:property><con:name>flow</con:name><con:value>FLOW_REQUEST_TEST</con:value></con:property><con:property><con:name>Result</con:name><con:value>PASS</con:value></con:property><con:property><con:name>lat</con:name><con:value/></con:property><con:property><con:name>lon</con:name><con:value/></con:property><con:property><con:name>alt</con:name><con:value>5</con:value></con:property><con:property><con:name>radius</con:name><con:value>9</con:value></con:property><con:property><con:name>facility</con:name><con:value>GAD</con:value></con:property><con:property><con:name>airspaceClassCodes</con:name><con:value/></con:property><con:property><con:name>Max Alt</con:name><con:value>5</con:value></con:property><con:property><con:name>Workflow</con:name><con:value>1. Request AA - PASSED
2. Part 107 - Create Auto Authorization - PASSED</con:value></con:property><con:property><con:name>JSON Response</con:name><con:value>Request AA:


Part 107 - Create Auto Authorization:
</con:value></con:property><con:property><con:name>__SKIP_TOKEN__</con:name><con:value>true</con:value></con:property></con:properties></con:testCase><con:testCase id="896cc346-e03c-4d27-b4ad-37d9c73dace4" failOnError="true" failTestCaseOnErrors="true" keepSession="false" maxResults="0" name="EXCLUDE TC" searchProperties="true"><con:settings/><con:testStep type="groovy" name="Groovy Script" id="ac6fc7ab-862a-42d5-9ca5-b1c7ac23819a"><con:settings/><con:config><script>log.info "###################TEST ENV EXCLUDED TEST CASE###############"</script></con:config></con:testStep><con:properties><con:property><con:name>name</con:name><con:value>asdf asdfsafs</con:value></con:property><con:property><con:name>id</con:name><con:value>1</con:value></con:property><con:property><con:name>flow</con:name><con:value>FLOW_REQUEST_TEST</con:value></con:property><con:property><con:name>Result</con:name><con:value>PASS</con:value></con:property><con:property><con:name>Radius</con:name><con:value>9</con:value></con:property><con:property><con:name>Max Alt</con:name><con:value>5</con:value></con:property><con:property><con:name>Facility</con:name><con:value>GAD</con:value></con:property><con:property><con:name>Workflow</con:name><con:value>1. Request AA - PASSED
2. Part 107 - Create Auto Authorization - PASSED</con:value></con:property><con:property><con:name>JSON Response</con:name><con:value>Request AA:


Part 107 - Create Auto Authorization:
</con:value></con:property><con:property><con:name>__SKIP_TOKEN__</con:name><con:value>true</con:value></con:property></con:properties></con:testCase><con:properties><con:property><con:name>name</con:name><con:value>asdf asdfsafs</con:value></con:property><con:property><con:name>id</con:name><con:value>1</con:value></con:property><con:property><con:name>flow</con:name><con:value>FLOW_REQUEST_TEST</con:value></con:property><con:property><con:name>Result</con:name><con:value>PASS</con:value></con:property><con:property><con:name>Radius</con:name><con:value>9</con:value></con:property><con:property><con:name>Max Alt</con:name><con:value>5</con:value></con:property><con:property><con:name>Facility</con:name><con:value>GAD</con:value></con:property><con:property><con:name>Workflow</con:name><con:value>1. Request AA - PASSED
2. Part 107 - Create Auto Authorization - PASSED</con:value></con:property><con:property><con:name>JSON Response</con:name><con:value>Request AA:


Part 107 - Create Auto Authorization:
</con:value></con:property><con:property><con:name>operationId</con:name><con:value>0P6GQIH9U</con:value></con:property><con:property><con:name>__SKIP_TOKEN__</con:name><con:value>true</con:value></con:property></con:properties></con:testSuite><con:properties><con:property><con:name>name</con:name><con:value>asdf asdfsafs</con:value></con:property><con:property><con:name>id</con:name><con:value>1</con:value></con:property><con:property><con:name>flow</con:name><con:value>FLOW_REQUEST_TEST</con:value></con:property><con:property><con:name>Result</con:name><con:value>PASS</con:value></con:property><con:property><con:name>Radius</con:name><con:value>9</con:value></con:property><con:property><con:name>Max Alt</con:name><con:value>5</con:value></con:property><con:property><con:name>Facility</con:name><con:value>GAD</con:value></con:property><con:property><con:name>Workflow</con:name><con:value>1. Request AA - PASSED
2. Part 107 - Create Auto Authorization - PASSED</con:value></con:property><con:property><con:name>JSON Response</con:name><con:value>Request AA:


Part 107 - Create Auto Authorization:
</con:value></con:property><con:property><con:name>__SKIP_TOKEN__</con:name><con:value>true</con:value></con:property></con:properties><con:wssContainer/><con:oAuth2ProfileContainer/><con:oAuth1ProfileContainer/></con:soapui-project>